{
  "RSpec": {
    "coverage": {
      "/home/marko/Dropbox/Programiranje/rails/bookmarks_project/app/controllers/application_controller.rb": [
        1,
        1,
        1,
        null,
        1,
        0,
        0,
        null,
        null
      ],
      "/home/marko/Dropbox/Programiranje/rails/bookmarks_project/app/helpers/application_helper.rb": [
        1,
        null
      ],
      "/home/marko/Dropbox/Programiranje/rails/bookmarks_project/app/helpers/bookmarks_helper.rb": [
        1,
        null,
        1,
        113,
        113,
        113,
        null,
        0,
        null,
        null,
        null
      ],
      "/home/marko/Dropbox/Programiranje/rails/bookmarks_project/app/helpers/folders_helper.rb": [
        1,
        null
      ],
      "/home/marko/Dropbox/Programiranje/rails/bookmarks_project/app/helpers/sessions_helper.rb": [
        1,
        null,
        1,
        28,
        0,
        null,
        28,
        null,
        28,
        null,
        null,
        1,
        29,
        null,
        null,
        1,
        311,
        null,
        null,
        1,
        11,
        null,
        null,
        1,
        182,
        null,
        null,
        1,
        1,
        1,
        null,
        null,
        1,
        21,
        21,
        null,
        null,
        1,
        4,
        null,
        null,
        1,
        53,
        4,
        4,
        null,
        null,
        null
      ],
      "/home/marko/Dropbox/Programiranje/rails/bookmarks_project/app/helpers/static_pages_helper.rb": [
        1,
        null
      ],
      "/home/marko/Dropbox/Programiranje/rails/bookmarks_project/app/controllers/bookmarks_controller.rb": [
        1,
        null,
        1,
        1,
        null,
        1,
        38,
        38,
        null,
        null,
        1,
        2,
        null,
        null,
        1,
        3,
        3,
        1,
        null,
        3,
        2,
        2,
        2,
        2,
        null,
        0,
        null,
        null,
        null,
        null,
        null,
        1,
        6,
        6,
        6,
        6,
        4,
        4,
        null,
        6,
        2,
        null,
        null,
        null,
        null,
        1,
        0,
        0,
        0,
        0,
        0,
        0,
        0,
        null,
        null,
        null,
        null,
        null,
        1,
        1,
        1,
        1,
        2,
        null,
        null,
        null,
        null,
        1,
        0,
        0,
        0,
        0,
        0,
        0,
        0,
        0,
        null,
        null,
        0,
        null,
        null,
        1,
        null,
        1,
        1,
        1,
        1,
        null,
        1,
        2,
        null,
        0,
        null,
        null,
        null,
        null,
        1,
        1,
        null,
        null
      ],
      "/home/marko/Dropbox/Programiranje/rails/bookmarks_project/lib/parser.rb": [
        1,
        1,
        1,
        null,
        1,
        null,
        1,
        55,
        null,
        null,
        1,
        55,
        55,
        55,
        null,
        55,
        null,
        null,
        1,
        null,
        1,
        55,
        55,
        null,
        null,
        1,
        55,
        null,
        null,
        1,
        55,
        null,
        null,
        1,
        110,
        null,
        null,
        1,
        110,
        null,
        null,
        1,
        55,
        null,
        null,
        1,
        55,
        null,
        null
      ],
      "/home/marko/Dropbox/Programiranje/rails/bookmarks_project/app/models/bookmark.rb": [
        1,
        1,
        null,
        70,
        null,
        null,
        1,
        1,
        null,
        1,
        null,
        1,
        null,
        1,
        1,
        1,
        null,
        null,
        1,
        null,
        null,
        1,
        null,
        1,
        0,
        0,
        0,
        0,
        null,
        0,
        null,
        null,
        null
      ],
      "/home/marko/Dropbox/Programiranje/rails/bookmarks_project/app/controllers/folders_controller.rb": [
        1,
        1,
        1,
        null,
        null,
        1,
        0,
        0,
        0,
        0,
        null,
        0,
        null,
        null,
        null,
        1,
        null,
        null,
        1,
        null,
        null,
        1,
        null,
        null,
        1,
        null,
        null
      ],
      "/home/marko/Dropbox/Programiranje/rails/bookmarks_project/app/models/folder.rb": [
        1,
        1,
        null,
        1,
        1,
        null,
        1,
        null,
        1,
        null,
        1,
        1,
        1,
        null,
        1,
        null,
        1,
        26,
        0,
        0,
        0,
        0,
        null,
        0,
        null,
        null,
        null,
        null
      ],
      "/home/marko/Dropbox/Programiranje/rails/bookmarks_project/app/controllers/sessions_controller.rb": [
        1,
        1,
        null,
        null,
        1,
        25,
        25,
        21,
        21,
        null,
        4,
        4,
        null,
        null,
        null,
        1,
        1,
        1,
        null,
        null
      ],
      "/home/marko/Dropbox/Programiranje/rails/bookmarks_project/app/controllers/static_pages_controller.rb": [
        1,
        1,
        34,
        34,
        null,
        null
      ],
      "/home/marko/Dropbox/Programiranje/rails/bookmarks_project/app/controllers/users_controller.rb": [
        1,
        1,
        null,
        1,
        1,
        null,
        1,
        4,
        2,
        null,
        4,
        null,
        null,
        1,
        7,
        1,
        null,
        6,
        6,
        3,
        3,
        3,
        null,
        3,
        3,
        null,
        null,
        null,
        1,
        null,
        null,
        1,
        5,
        4,
        4,
        4,
        null,
        1,
        null,
        null,
        null,
        1,
        null,
        1,
        11,
        11,
        null,
        null
      ],
      "/home/marko/Dropbox/Programiranje/rails/bookmarks_project/app/models/user.rb": [
        1,
        null,
        1,
        1,
        1,
        null,
        1,
        null,
        63,
        1,
        null,
        1,
        1,
        null,
        1,
        null,
        null,
        1,
        1,
        1,
        null,
        1,
        1,
        null,
        null,
        1,
        9,
        54,
        54,
        null,
        54,
        null,
        null,
        null,
        1,
        67,
        67,
        null,
        null,
        1,
        null,
        1,
        9,
        null,
        null,
        null,
        1,
        62,
        null,
        null,
        1,
        54,
        null,
        null
      ],
      "/home/marko/Dropbox/Programiranje/rails/bookmarks_project/app/models/new_user.rb": [
        1,
        null,
        1,
        1,
        null,
        1,
        0,
        null,
        null,
        null,
        1,
        0,
        0,
        0,
        null,
        null,
        null,
        1,
        null,
        1,
        0,
        null,
        null
      ]
    },
    "timestamp": 1366823310
  }
}
