{
  "RSpec": {
    "coverage": {
      "/home/marko/Dropbox/Programiranje/rails/bookmarks_project/app/controllers/application_controller.rb": [
        1,
        1,
        1,
        null,
        null,
        null,
        null,
        null,
        null
      ],
      "/home/marko/Dropbox/Programiranje/rails/bookmarks_project/app/helpers/application_helper.rb": [
        1,
        null
      ],
      "/home/marko/Dropbox/Programiranje/rails/bookmarks_project/app/helpers/bookmarks_helper.rb": [
        1,
        null,
        1,
        0,
        0,
        0,
        null,
        0,
        null,
        null,
        null,
        1,
        0,
        null,
        null,
        1,
        50,
        null,
        null,
        1,
        0,
        null,
        null,
        1,
        50,
        null,
        null,
        1,
        0,
        0,
        0,
        0,
        null,
        null,
        1,
        139,
        0,
        null,
        null,
        null,
        null,
        null
      ],
      "/home/marko/Dropbox/Programiranje/rails/bookmarks_project/app/helpers/folders_helper.rb": [
        1,
        null
      ],
      "/home/marko/Dropbox/Programiranje/rails/bookmarks_project/app/helpers/sessions_helper.rb": [
        1,
        null,
        1,
        39,
        8,
        null,
        31,
        null,
        39,
        null,
        null,
        1,
        40,
        null,
        null,
        1,
        823,
        null,
        null,
        1,
        11,
        null,
        null,
        1,
        487,
        null,
        null,
        1,
        1,
        1,
        null,
        null,
        1,
        24,
        24,
        null,
        null,
        1,
        4,
        null,
        null,
        1,
        65,
        4,
        4,
        null,
        null,
        null
      ],
      "/home/marko/Dropbox/Programiranje/rails/bookmarks_project/app/helpers/static_pages_helper.rb": [
        1,
        null
      ],
      "/home/marko/Dropbox/Programiranje/rails/bookmarks_project/app/controllers/bookmarks_controller.rb": [
        1,
        null,
        1,
        1,
        null,
        1,
        50,
        50,
        null,
        null,
        1,
        2,
        null,
        null,
        1,
        3,
        3,
        1,
        null,
        3,
        2,
        2,
        2,
        2,
        null,
        0,
        null,
        null,
        null,
        null,
        null,
        1,
        6,
        6,
        6,
        6,
        4,
        4,
        null,
        6,
        2,
        2,
        null,
        null,
        null,
        null,
        1,
        3,
        3,
        3,
        3,
        1,
        1,
        null,
        3,
        2,
        2,
        null,
        null,
        null,
        null,
        null,
        1,
        1,
        1,
        1,
        2,
        null,
        null,
        null,
        null,
        1,
        0,
        0,
        0,
        0,
        0,
        0,
        0,
        0,
        null,
        0,
        0,
        0,
        0,
        null,
        0,
        null,
        null,
        0,
        0,
        null,
        0,
        0,
        null,
        0,
        null,
        0,
        null,
        null,
        1,
        0,
        0,
        0,
        0,
        null,
        0,
        null,
        0,
        null,
        0,
        null,
        null,
        1,
        null,
        1,
        1,
        1,
        1,
        1,
        1,
        1,
        null,
        null,
        0,
        null,
        null,
        null,
        1,
        1,
        null,
        null
      ],
      "/home/marko/Dropbox/Programiranje/rails/bookmarks_project/lib/parser.rb": [
        1,
        1,
        1,
        null,
        1,
        null,
        1,
        64,
        null,
        null,
        1,
        64,
        64,
        64,
        null,
        64,
        null,
        null,
        1,
        null,
        1,
        64,
        64,
        null,
        null,
        1,
        64,
        null,
        null,
        1,
        64,
        null,
        null,
        1,
        128,
        null,
        null,
        1,
        128,
        null,
        null,
        1,
        64,
        null,
        null,
        1,
        64,
        null,
        null
      ],
      "/home/marko/Dropbox/Programiranje/rails/bookmarks_project/app/models/bookmark.rb": [
        1,
        1,
        null,
        301,
        1,
        1,
        null,
        1,
        1,
        null,
        1,
        null,
        1,
        null,
        1,
        1,
        1,
        null,
        null,
        1,
        null,
        null,
        1,
        null,
        1,
        100,
        21,
        21,
        null,
        null,
        null,
        1,
        100,
        100,
        59,
        194,
        194,
        null,
        null,
        100,
        null,
        null,
        null
      ],
      "/home/marko/Dropbox/Programiranje/rails/bookmarks_project/app/controllers/folders_controller.rb": [
        1,
        1,
        2,
        null,
        null,
        1,
        6,
        6,
        4,
        4,
        3,
        3,
        null,
        4,
        1,
        1,
        null,
        null,
        null,
        2,
        null,
        null,
        null,
        1,
        4,
        4,
        4,
        2,
        null,
        2,
        2,
        2,
        2,
        null,
        null,
        4,
        4,
        8,
        null,
        null,
        null,
        1,
        1,
        null,
        null,
        1,
        1,
        1,
        1,
        2,
        null,
        null,
        null,
        1,
        null,
        null,
        1,
        1,
        null,
        null,
        1,
        1,
        null,
        null
      ],
      "/home/marko/Dropbox/Programiranje/rails/bookmarks_project/app/models/folder.rb": [
        1,
        1,
        null,
        1,
        1,
        null,
        1,
        null,
        1,
        null,
        1,
        1,
        null,
        1,
        null,
        1,
        352,
        310,
        310,
        219,
        219,
        null,
        91,
        null,
        null,
        null,
        null
      ],
      "/home/marko/Dropbox/Programiranje/rails/bookmarks_project/app/controllers/sessions_controller.rb": [
        1,
        null,
        1,
        null,
        null,
        1,
        28,
        0,
        null,
        28,
        28,
        0,
        0,
        null,
        28,
        24,
        24,
        null,
        4,
        4,
        null,
        null,
        null,
        1,
        1,
        1,
        null,
        null
      ],
      "/home/marko/Dropbox/Programiranje/rails/bookmarks_project/app/controllers/static_pages_controller.rb": [
        1,
        1,
        48,
        48,
        null,
        null,
        1,
        null,
        null,
        1,
        null,
        null
      ],
      "/home/marko/Dropbox/Programiranje/rails/bookmarks_project/app/controllers/users_controller.rb": [
        1,
        1,
        null,
        1,
        1,
        null,
        1,
        4,
        2,
        null,
        4,
        null,
        null,
        1,
        7,
        1,
        null,
        6,
        6,
        3,
        3,
        3,
        null,
        3,
        3,
        null,
        null,
        null,
        1,
        null,
        null,
        1,
        7,
        2,
        2,
        null,
        7,
        6,
        6,
        6,
        null,
        1,
        null,
        null,
        null,
        1,
        6,
        null,
        null,
        null,
        null,
        6,
        6,
        6,
        null,
        null,
        null,
        null,
        null,
        null,
        null,
        null,
        null,
        null,
        null,
        null,
        6,
        null,
        null,
        1,
        null,
        1,
        18,
        null,
        null,
        1,
        6,
        null,
        null,
        1,
        6,
        null,
        null,
        1,
        11,
        11,
        null,
        null
      ],
      "/home/marko/Dropbox/Programiranje/rails/bookmarks_project/app/models/user.rb": [
        1,
        null,
        1,
        1,
        1,
        null,
        1,
        null,
        96,
        1,
        null,
        1,
        1,
        null,
        1,
        null,
        null,
        1,
        1,
        1,
        null,
        1,
        1,
        null,
        null,
        1,
        9,
        63,
        63,
        null,
        63,
        18,
        null,
        9,
        null,
        36,
        null,
        63,
        null,
        null,
        null,
        1,
        100,
        300,
        300,
        null,
        null,
        null,
        1,
        null,
        1,
        63,
        null,
        null,
        1,
        9,
        null,
        null,
        null,
        null,
        1,
        45,
        null,
        null,
        1,
        63,
        null,
        null,
        1,
        54,
        null,
        null,
        1,
        100,
        null,
        null,
        1,
        95,
        null,
        null,
        1,
        63,
        null,
        null
      ],
      "/home/marko/Dropbox/Programiranje/rails/bookmarks_project/app/models/new_user.rb": [
        null,
        null,
        null,
        null,
        null,
        null,
        null,
        null,
        null,
        null,
        null,
        null,
        null,
        null,
        null,
        null,
        null,
        null,
        null,
        null,
        null,
        null,
        null
      ]
    },
    "timestamp": 1370276392
  },
  "Cucumber Features": {
    "coverage": {
      "/home/marko/Dropbox/Programiranje/rails/bookmarks_project/app/controllers/application_controller.rb": [
        1,
        1,
        1,
        null,
        null,
        null,
        null,
        null,
        null
      ],
      "/home/marko/Dropbox/Programiranje/rails/bookmarks_project/app/helpers/application_helper.rb": [
        1,
        null
      ],
      "/home/marko/Dropbox/Programiranje/rails/bookmarks_project/app/helpers/bookmarks_helper.rb": [
        1,
        null,
        1,
        0,
        0,
        0,
        null,
        0,
        null,
        null,
        null,
        1,
        0,
        null,
        null,
        1,
        8,
        null,
        null,
        1,
        0,
        null,
        null,
        1,
        8,
        null,
        null,
        1,
        0,
        0,
        0,
        0,
        null,
        null,
        1,
        16,
        0,
        null,
        null,
        null,
        null,
        null
      ],
      "/home/marko/Dropbox/Programiranje/rails/bookmarks_project/app/helpers/folders_helper.rb": [
        1,
        null
      ],
      "/home/marko/Dropbox/Programiranje/rails/bookmarks_project/app/helpers/sessions_helper.rb": [
        1,
        null,
        1,
        6,
        6,
        null,
        0,
        null,
        6,
        null,
        null,
        1,
        6,
        null,
        null,
        1,
        126,
        null,
        null,
        1,
        0,
        null,
        null,
        1,
        72,
        null,
        null,
        1,
        0,
        0,
        null,
        null,
        1,
        0,
        0,
        null,
        null,
        1,
        0,
        null,
        null,
        1,
        8,
        0,
        0,
        null,
        null,
        null
      ],
      "/home/marko/Dropbox/Programiranje/rails/bookmarks_project/app/helpers/static_pages_helper.rb": [
        1,
        null
      ],
      "/home/marko/Dropbox/Programiranje/rails/bookmarks_project/app/controllers/bookmarks_controller.rb": [
        1,
        null,
        1,
        1,
        null,
        1,
        8,
        8,
        null,
        null,
        1,
        0,
        null,
        null,
        1,
        0,
        0,
        0,
        null,
        0,
        0,
        0,
        0,
        0,
        null,
        0,
        null,
        null,
        null,
        null,
        null,
        1,
        0,
        0,
        0,
        0,
        0,
        0,
        null,
        0,
        0,
        0,
        null,
        null,
        null,
        null,
        1,
        0,
        0,
        0,
        0,
        0,
        0,
        null,
        0,
        0,
        0,
        null,
        null,
        null,
        null,
        null,
        1,
        0,
        0,
        0,
        0,
        null,
        null,
        null,
        null,
        1,
        0,
        0,
        0,
        0,
        0,
        0,
        0,
        0,
        null,
        0,
        0,
        0,
        0,
        null,
        0,
        null,
        null,
        0,
        0,
        null,
        0,
        0,
        null,
        0,
        null,
        0,
        null,
        null,
        1,
        0,
        0,
        0,
        0,
        null,
        0,
        null,
        0,
        null,
        0,
        null,
        null,
        1,
        null,
        1,
        0,
        0,
        0,
        0,
        0,
        0,
        null,
        null,
        0,
        null,
        null,
        null,
        1,
        0,
        null,
        null
      ],
      "/home/marko/Dropbox/Programiranje/rails/bookmarks_project/lib/parser.rb": [
        1,
        1,
        1,
        null,
        1,
        null,
        1,
        42,
        null,
        null,
        1,
        42,
        42,
        42,
        null,
        42,
        null,
        null,
        1,
        null,
        1,
        42,
        42,
        null,
        null,
        1,
        42,
        null,
        null,
        1,
        42,
        null,
        null,
        1,
        84,
        null,
        null,
        1,
        84,
        null,
        null,
        1,
        42,
        null,
        null,
        1,
        42,
        null,
        null
      ],
      "/home/marko/Dropbox/Programiranje/rails/bookmarks_project/app/models/bookmark.rb": [
        1,
        1,
        null,
        169,
        1,
        1,
        null,
        1,
        1,
        null,
        1,
        null,
        1,
        null,
        1,
        1,
        1,
        null,
        null,
        1,
        null,
        null,
        1,
        null,
        1,
        42,
        0,
        0,
        null,
        null,
        null,
        1,
        42,
        42,
        36,
        126,
        126,
        null,
        null,
        42,
        null,
        null,
        null
      ],
      "/home/marko/Dropbox/Programiranje/rails/bookmarks_project/app/controllers/folders_controller.rb": [
        1,
        1,
        0,
        null,
        null,
        1,
        0,
        0,
        0,
        0,
        0,
        0,
        null,
        0,
        0,
        0,
        null,
        null,
        null,
        0,
        null,
        null,
        null,
        1,
        0,
        0,
        0,
        0,
        null,
        0,
        0,
        0,
        0,
        null,
        null,
        0,
        0,
        0,
        null,
        null,
        null,
        1,
        0,
        null,
        null,
        1,
        0,
        0,
        0,
        0,
        null,
        null,
        null,
        1,
        null,
        null,
        1,
        0,
        null,
        null,
        1,
        0,
        null,
        null
      ],
      "/home/marko/Dropbox/Programiranje/rails/bookmarks_project/app/models/folder.rb": [
        1,
        1,
        null,
        1,
        1,
        null,
        1,
        null,
        1,
        null,
        1,
        1,
        null,
        1,
        null,
        1,
        18,
        18,
        18,
        12,
        12,
        null,
        6,
        null,
        null,
        null,
        null
      ],
      "/home/marko/Dropbox/Programiranje/rails/bookmarks_project/app/controllers/sessions_controller.rb": [
        1,
        null,
        1,
        null,
        null,
        1,
        0,
        0,
        null,
        0,
        0,
        0,
        0,
        null,
        0,
        0,
        0,
        null,
        0,
        0,
        null,
        null,
        null,
        1,
        0,
        0,
        null,
        null
      ],
      "/home/marko/Dropbox/Programiranje/rails/bookmarks_project/app/controllers/static_pages_controller.rb": [
        1,
        1,
        10,
        10,
        null,
        null,
        1,
        null,
        null,
        1,
        null,
        null
      ],
      "/home/marko/Dropbox/Programiranje/rails/bookmarks_project/app/controllers/users_controller.rb": [
        1,
        1,
        null,
        1,
        1,
        null,
        1,
        0,
        0,
        null,
        0,
        null,
        null,
        1,
        0,
        0,
        null,
        0,
        0,
        0,
        0,
        0,
        null,
        0,
        null,
        null,
        null,
        1,
        null,
        null,
        1,
        0,
        0,
        0,
        null,
        0,
        0,
        0,
        0,
        null,
        0,
        null,
        null,
        null,
        1,
        6,
        6,
        6,
        null,
        null,
        null,
        null,
        6,
        6,
        6,
        null,
        null,
        null,
        null,
        null,
        null,
        null,
        null,
        null,
        null,
        null,
        null,
        6,
        null,
        null,
        1,
        null,
        1,
        18,
        null,
        null,
        1,
        0,
        0,
        null,
        null
      ],
      "/home/marko/Dropbox/Programiranje/rails/bookmarks_project/app/models/user.rb": [
        1,
        null,
        1,
        1,
        1,
        null,
        1,
        null,
        7,
        1,
        null,
        1,
        1,
        null,
        1,
        null,
        null,
        1,
        1,
        1,
        null,
        1,
        1,
        null,
        null,
        1,
        6,
        42,
        42,
        null,
        42,
        12,
        null,
        6,
        null,
        24,
        null,
        42,
        null,
        null,
        null,
        1,
        6,
        18,
        18,
        null,
        null,
        null,
        1,
        null,
        1,
        42,
        null,
        null,
        1,
        6,
        null,
        null,
        null,
        null,
        1,
        30,
        null,
        null,
        1,
        42,
        null,
        null,
        1,
        36,
        null,
        null,
        1,
        6,
        null,
        null,
        1,
        6,
        null,
        null,
        1,
        42,
        null,
        null
      ],
      "/home/marko/Dropbox/Programiranje/rails/bookmarks_project/app/models/new_user.rb": [
        null,
        null,
        null,
        null,
        null,
        null,
        null,
        null,
        null,
        null,
        null,
        null,
        null,
        null,
        null,
        null,
        null,
        null,
        null,
        null,
        null,
        null,
        null
      ]
    },
    "timestamp": 1369312238
  }
}
